[    0.000000] Initializing cgroup subsys cpuset
[    0.000000] Initializing cgroup subsys cpu
[    0.000000] Initializing cgroup subsys cpuacct
[    0.0000] Linu vesion 4.4.0-137-generic (buildd@lgw01-amd64-037) (gcc version 5.4.0 20160609 (Ubuntu 5.4.0-6ubuntu1~16.04.10) ) #163-Ubuntu SMP Mon Sep 213:14:43 UTC 2018 (Ubuntu 4.4.0-137.163-genric 4.4.144)
[    0.000000] Command line: BOOT_IMAGE=/boot/vmlinuz-4.4.0-137-generic root=LABEL=cloudimg-rootfs ro console=tty1 console=ttyS0
[    0.000000] KERNEL supported cpus:
[    0.000000]   Inel GenuineIntel
[    0.000000]   AMD AuthenticAMD
[    0.000000]   Centaur CentaurHauls
[    0.000000] x86/fpu: xstate_offset[2]:  576, xstate_sizes[2]:  256
[    0.000000] x86/fpu: Supporting XSAVE feature 0x01: 'x87 floating point registers'
[    0.000000] x86/fpu: Supporting XSAVE feature 0x02: 'SSE registers'
[    0.000000] x86/fpu: Supporting XSAVE feature 0x04: 'AVX registers'
[    0.000000] x86/fpu: Enabled xstate features 0x7, context size is 832 bytes, using 'standard' format.
[    0.000000] e820: BIOS-provided physical RAM map:
[    0.000000] BIOS-e820: [mem 0x0000000000000000-0x000000000009fbff]sable
[    0.000000] BIOS-e820: [mem 0x000000000009fc00-0x000000000009ffff] reserved
[    0.000000] BIOS-e820: [mem 0x00000000000f0000-0x00000000000fffff] reserved
[    0.000000] BIOS-20: [mem 0x0000000000100000-0x000000003ffeffff] usable
[    0.0000] BIOS-e820: [mem 0x000000003fff0000-0x000000003fffffff] ACPI data
[   0.000000] BIOS-e820:[mm 0x00000000fec00000-0x00000000fec00ff]reerved
[  0000000] BIOS-e8820: [mem 0x00000000fee00000-0x00000000fee00fff] reserved
[    0.000000] BIOS-e820: [mem x000000fffc00000x00000000ffffffff] reserved
[    0.000000] NX (Execute Disable) protection: active
[    0.000000] SMBIOS 2.5 present.
[    0.000000] Hypervisor detected: KVM
[    0.000000] e820: last_pfn = 0x3fff0 max_arch_pfn = 0x400000000
[    0.000000] TR: Disabled
[    0.000000] x86/PAT: MTRRs disabled, skipping PAT initialization too.
[    0.000000] CPU MTRRs all blank - virtualized system.[   0.000] x86/PAT: Configuration [0-7]: WB  WT  UC- UC  WB  WT  UC- UC  
[   .00000] found SMP MP-abe at [em0x009fff0-x009ffff] mappd t ffff88000009fff0]
   0.000000] Scaning 1 areas for low mmory cruption
[  0.000000] RAMDISK: [mem 0x3630e000-0x3717efff]
[    0.000000] ACPI: Early table checksum verification disabled
[    0.000000] ACPI: RSDP 0x00000000000E0000 000024 (v02 VBOX  )
[    0.00000] ACPI: XSDT 0x000000003FFF0030 00003C (v01 VBOX   VBOXXSDT 00000001 ASL  000006
    0.000000] ACPI: FACP 0x000000003FFF0F0000FF4 (v04 VBOX   VBXFCP00000001 ASL  0000061)
[    0.000000] ACPI: DSDT 0x000000003FFF0470 0021FF (v02 VBOX   BOXBIS 000002 INT 201528)
[   .000000] ACPI: FACS 0x00000003F020 00004
   0.00000 API: FACS 0x000000003FFF0200 000040
[    0.000000] ACPI: APIC 0x000000003FFF0240 00005C (v02 VBOX   VBXAIC 0000001ASL  00000061)
[    0.000000] ACPI: SSDT 0x0000000FF02A0 0001CC (v01 VBOX   VBOCPT 0000002 INTL 20100528)
[    0.000000] No NUMA configuration found
[    0.000000] Faking a node at [mem 0x0000000000000000-0x000000003ffeffff]
[    0.000000] NODE_DATA(0) allocated [mem 0x3ffeb000-0x3ffeffff]
[    0.000000] kvm-clock: Using msrs 4b564d01 and 4b564d00
[    0.000000] kvm-clock: cpu 0, msr 0:3ffe3001, primary cpu clock
[    0.000000] kvm-clock: using sched offset of 3418493974 cycles
[    0.000000] clocksource: kvm-cock: mask: 0xffffffffffffffff maxyces: 0x1cd42e4ffb, max_idle_ns: 881590591483 ns
   0.000000]Zoe ranges:
[    0.000000]   DMA     [mem 0x0000000000001000-0x0000000000ffffff]
[     0.0000]   MA3    [mem 0x0000000001000000-0x000000003ffeffff]
[    0.000000]   Normal   empty
[    0.000000]   Device   empty
[    0.000000] Movable zone start for each node
[    0.000000] Early memory node ranges
[    0.000000]   node   0: [mem 0x0000000000001000-0x000000000009efff]
[    0.000000]   node   0: [mem 0x0000000000100000-0x000000003ffeffff]
[    0.000000] Initmem setup node 0 [mem 0x0000000000001000-0x000000003ffeffff]
[    0.000000] ACPI: PM-Timer IO Port: 0x4008
[    0.000000] IOAPIC[0]: apic_id 2, version 32, address 0xfec00000, GSI 0-23
[    0.000000] ACPI: INT_SRC_OVR (bus 0 bus_irq 0 gloalirq 2 dfl dfl)
[    0.000000] ACPI: INT_SRC_OVR (bus 0 bus_irq 9 global_irq 9 low level)
[    0.000000] Using ACPI (MADT) for SMP configuration information
[    0.000000] smpboot: Allowing 2 CPUs, 0 hotplug CPUs
[    0.000000] PM: Registered nosave memory: [mem 0x00000000-0x00000fff]
[    0.000000] PM: Rgitere nosave memory: me 0x0009f000-0x0009ffff]
[    0.000000] PM: Registered nosave memory: [mem 0x000a0000-0x000effff]
[    0.000000] PM: Registered nosave memory: [mem 0x000f0000-0x000fffff]
[    0.000000] e820: [mem 0x40000000-0xfebfffff] available for PCI devices
[    0.000000] Booting paravirtualze kernel on KVM
[    0.000000] clocksource: refined-jiffies:mak:0xffffffff max_cycles: 0xffffffff, max_idle_ns: 7645519600211568 ns
[    0.000000] setup_percpu: NR_CPUS:512 nr_cpumask_bits:512 nr_cpu_ids:2 nr_node_ids:1
[    0.000000] PERCPU: Embedded 34 pages/cpu @ffff88003fc00000 s99608 r8192 d31464 u1048576
[    0.000000 PV qspinlok as tablentries: 256 (order: 0, 4096 bytes)
[    0.00000] Built 1 zonelists in Node order, mobility grouping on.  Total pages: 257912
[    0.000000] Policy zone: DMA32
[    0.000000] Kernel command line: BOOT_IMAGE=/boot/vmlinuz-4.4.0-137-genic root=LABEL=cloudimg-rootfs ro console=tty1 console=ttyS0
[    0.000000] PID hash table entries: 4096 (order: 3, 32768 bytes)
[    0.000000] Memory: 997716K/1048120K available (8555K kernel code, 1314K rwdata, 4004K rodata, 1528K init, 1316K bss, 50404K reserved, 0K cma-reserved)
[    0.000000] SLUB: HWalign=64, Order=0-3, MinObjects=0, CPUs=2, Nodes=1
[    0.000000] Kernel/User page tables isolation: enabled
[  0000000] Hierarchical RCU implementation.
[    0.000000] 	Build-time adjustment of leaf fanout to 64.
[    0.000000] 	RCU restricting CPUs from NR_CPUS=512 to nr_cpu_ids=2.
[    0.000000] RCU: Adjusting geometry for rcu_fanout_leaf=64, nr_cpu_ids=2
[    0.000000] NR_IRQS:33024 nr_irqs:440 16
[    0.000000] Console: colour VGA+ 80x25
[    0.000000] console [tty1] enabled
[    0.000000] console [ttyS0] enabled
[    0.000000] tsc: Detected 1599.999 MHz processor
[    3.113158] Calibrating delay loop (skipped) preset value.. 3199.99 BogoMIPS (lpj=6399996)
[   .115109] pid_max: default: 32768 minimum: 301
[    3.158715] ACPI: Core revision 20150930
[    3.161208] ACPI: 2 ACPI AML tables successfully acquired and loaded
[    3.174678] Security Framework initialized
[    3.175823] Yama: becoming mindful.
[    3.193519] AppArmor: AppArmor initialized
[    3.194724] Dentry cache hash table entries: 131072 (order: 8, 1048576 bytes)
[    3.210449] Inode-cache hash table entries: 65536 (order: 7, 524288 bytes)
[    3.266914] Mount-cache hash table entries: 2048 (order: 2, 16384 bytes)
[    3.270387] Mountpoint-cache hash table entries: 2048 (order: 2, 16384 bytes)
[    3.273727] Initializing cgroup subsys io
[    3.279646] Initializing cgroup subsys memory
[    3.283841] Initializing cgroup subsys devices
[    3.285638] Initializing cgroup subsys freezer
[    3.288096] Initializing cgroup subsys net_cls
[    3.289831] Initializing cgroup subsys perf_event
[    3.291715] Initializing cgroup subsys net_prio
[    3.293514] Initializing cgroup subsys hugetlb
[    3.300692] Initializing cgroup subsys pids
[    3.302964] mce: CPU supports 0 MCE banks
[    3.304176] Last level iTLB entries: 4KB 64, 2MB 8, 4MB 8
[    3.306239] Last level dTLB entries: 4KB 64, 2MB 0, 4MB 0, 1GB 4
[    3.308537] Spectre V2 : Mitigation: Full generic retpoline
[    3.310070] Spectre V2 : Spectre v2 mitigation: Speculation control IBPB not-supported IBRS not-supported
[    3.366164] Spectre V2 : Spectre v2 / SpectreRSB mitigation: Filling RSB on context switch
[    3.383129] Speculative Store Bypass: Vulnerable
[    3.387146] Freeing SMP alternatives memory: 32K
[    3.400028] ftrace: allocating 32265 entries in 127 pages
[    3.479922] smpboot: APIC(0) Converting physical 0 to logical package 0
[    3.510454] smpboot: Max logical packages: 1
[    3.539039] x2apic enabled
[    3.561936] Switched APIC routing to physical x2apic.
[    3.573535] ..TIMER: vector=0x30 apic1=0 pin1=2 apic2=-1 pin2=-1
[    3.680783] smpboot: CPU0: Intel(R) Core(TM) i5-5250U CPU @ 1.60GHz (family: 0x6, model: 0x3d, stepping: 0x4)
[    3.683820] Performance Events: unsupported p6 CPU model 61 no PMU driver, software events only.
[    3.709745] KVM setup paravirtual spinlock
[    3.711761] x86: Booting SMP configuration:
[    3.713007] .... node  #0, CPUs:      #1
[    3.719836] kvm-clock: cpu 1, msr 0:3ffe3041, secondary cpu clock
[    3.722120] mce: CPU supports 0 MCE banks
[    3.731636] x86: Booted up 1 node, 2 CPUs
[    3.744826] smpboot: Total of 2 processors activated (6399.99 BogoMIPS)
[    3.759155] devtmpfs: initialized
[    3.767370] evm: security.selinux
[    3.776088] evm: security.SMACK64
[    3.795895] evm: security.SMACK64EXEC
[    3.796951] evm: security.SMACK64TRANSMUTE
[    3.804918] evm: security.SMACK64MMAP
[    3.806191] evm: security.ima
[    3.811627] evm: security.capability
[    3.822607] clocksource: jiffies: mask: 0xffffffff max_cycles: 0xffffffff, max_idle_ns: 7645041785100000 ns
[    3.849045] futex hash table entries: 512 (order: 3, 32768 bytes)
[    3.878306] pinctrl core: initialized pinctrl subsystem
[    3.888401] RTC time: 16:49:06, date: 11/05/18
[    3.889986] NET: Registered protocol family 16
[    3.916970] cpuidle: using governor ladder
[    3.932811] cpuidle: using governor menu
[    3.949068] PCCT header not found.
[    3.963968] ACPI: bus type PCI registered
[    3.996817] acpiphp: ACPI Hot Plug PCI Controller Driver version: 0.5
[    4.004272] PCI: Using configuration type 1 for base access
[    4.035050] ACPI: Added _OSI(Module Device)
[    4.051105] ACPI: Added _OSI(Processor Device)
[    4.066535] ACPI: Added _OSI(3.0 _SCP Extensions)
[    4.069164] ACPI: Added _OSI(Processor Aggregator Device)
[    4.078353] ACPI: Executed 1 blocks of module-level executable AML code
[    4.102472] ACPI: Interpreter enabled
[    4.124091] ACPI: (supports S0 S5)
[    4.137874] ACPI: Using IOAPIC for interrupt routing
[    4.157702] PCI: Using host bridge windows from ACPI; if necessary, use "pci=nocrs" and report a bug
[    4.186287] ACPI: PCI Root Bridge [PCI0] (domain 0000 [bus 00-ff])
[    4.197287] acpi PNP0A03:00: _OSC: OS supports [ASPM ClockPM Segments MSI]
[    4.211802] acpi PNP0A03:00: _OSC: not requesting OS control; OS requires [ExtendedConfig ASPM ClockPM MSI]
[    4.269559] acpi PNP0A03:00: fail to add MMCONFIG information, can't access extended PCI configuration space under this bridge.
[    4.273549] PCI host bridge to bus 0000:00
[    4.277665] pci_bus 0000:00: root bus resource [io  0x0000-0x0cf7 window]
[    4.279462] pci_bus 0000:00: root bus resource [io  0x0d00-0xffff window]
[    4.281143] pci_bus 0000:00: root bus resource [mem 0x000a0000-0x000bffff window]
[    4.283138] pci_bus 0000:00: root bus resource [mem 0x40000000-0xfdffffff window]
[    4.300675] pci_bus 0000:00: root bus resource [bus 00-ff]
[    4.313623] pci 0000:00:01.1: legacy IDE quirk: reg 0x10: [io  0x01f0-0x01f7]
[    4.326165] pci 0000:00:01.1: legacy IDE quirk: reg 0x14: [io  0x03f6]
[    4.345421] pci 0000:00:01.1: legacy IDE quirk: reg 0x18: [io  0x0170-0x0177]
[    4.367317] pci 0000:00:01.1: legacy IDE quirk: reg 0x1c: [io  0x0376]
[    4.440767] pci 0000:00:07.0: quirk: [io  0x4000-0x403f] claimed by PIIX4 ACPI
[    4.480703] pci 0000:00:07.0: quirk: [io  0x4100-0x410f] claimed by PIIX4 SMB
[    4.516163] ACPI: PCI Interrupt Link [LNKA] (IRQs 5 9 10 *11)
[    4.537680] ACPI: PCI Interrupt Link [LNKB] (IRQs 5 9 *10 11)
[    4.549247] ACPI: PCI Interrupt Link [LNKC] (IRQs 5 *9 10 11)
[    4.577156] ACPI: PCI Interrupt Link [LNKD] (IRQs 5 9 10 *11)
[    4.584965] ACPI: Enabled 2 GPEs in block 00 to 07
[    4.588177] vgaarb: setting as boot device: PCI:0000:00:02.0
[    4.595274] vgaarb: device added: PCI:0000:00:02.0,decodes=io+mem,owns=io+mem,locks=none
[    4.605155] vgaarb: loaded
[    4.606555] vgaarb: bridge control possible 0000:00:02.0
[    4.609484] SCSI subsystem initialized
[    4.610779] ACPI: bus type USB registered
[    4.612171] usbcore: registered new interface driver usbfs
[    4.613898] usbcore: registered new interface driver hub
[    4.621111] usbcore: registered new device driver usb
[    4.626879] PCI: Using ACPI for IRQ routing
[    4.628471] NetLabel: Initializing
[    4.634950] NetLabel:  domain hash size = 128
[    4.636277] NetLabel:  protocols = UNLABELED CIPSOv4
[    4.645588] NetLabel:  unlabeled traffic allowed by default
[    4.647470] amd_nb: Cannot enumerate AMD northbridges
[    4.649054] clocksource: Switched to clocksource kvm-clock
[    4.661847] AppArmor: AppArmor Filesystem Enabled
[    4.663486] pnp: PnP ACPI init
[    4.665681] pnp: PnP ACPI: found 3 devices
[  467837 clocksource: acpi_pm: mask: 0xffffff max_cycles: 0xffffff, max_idles:205701024 ns
[   4.97265] NET: Registered protocl famly2
[    5.12276] TCP established hash tabl etres 819 (rdr: 4, 65536 bytes)
[    5.344951] TCP bind hash table entries: 8192 rdr:5,1307 btes)
[    5.561055] TCP: Hash tables cnfgued (stblshed 812 in 892
[    5.854615] UDP hash table entries: 512 (order: 2, 16384 bytes)
[    5.856362] UDP-Lite hash table entries: 512 (order: 2, 16384 bytes)
[    5.858168] NET: Registered protocol family 1
[    5.859452] pci 0000:00:00.0: Limiting direct PCI/PCI transfers
[    5.861107] pci 0000:00:01.0: Activating ISA DMA hang workarounds
[    5.862965] Unpacking initramfs...
[    6.190984] Freeing initrd memory: 14788K
[    6.227958] RAPL PMU detected, API unit is 2^-32 Joules, 4 fixed counters 10737418240 ms ovfl timer
[    6.290192] hw unit of domain pp0-core 2^-0 Joules
[    6.302662] hw unit of domain package 2^-0 Joules
[    6.335144] hw unit of domain dram 2^-0 Joules
[    6.364911] hw unit of domain pp1-gpu 2^-0 Joules
[    63874] latform rtc_mo: registered platform RTC device (no PNP device found)
[    6.580123] Scanning for low memory corruption every 60 seconds
[    6.582686] audit: initializing netlink subsys (disabled)
[    6.584247] audit: type=2000 audit(1541436549.979:1): initialized
[    6.591616] Initialise system trusted keyring
[    6.592906] HugeTLB registered 2 MB page size, pre-allocated 0 pages
[    6.597683] zbud: loaded
[    6.599544] VFS: Disk quotas dquot_6.6.0
[    6.600859] VFS: Dquot-cache hash table entries: 512 (order 0, 4096 bytes)
[    6.603195] squashfs: version 4.0 (2009/01/31) Phillip Lougher
[    6.605749] fuse init (API version 7.23)
[    6.607698] Key type big_key registered
[    6.608968] Allocating IMA MOK and blacklist keyrings.
[    6.612220] Key type asymmetric registered
[    6.619235] Asymmetric key parser 'x509' registered
[    6.620654] Block layer SCSI generic (bsg) driver version 0.4 loaded (major 249)
[    6.622579] io scheduler noop registered
[    6.658179] io scheduler deadline registered (default)
[    6.674586] io scheduler cfq registered
[    6.688515] pci_hotplug: PCI Hot Plug PCI Core version: 0.5
[    6.710287] pciehp: PCI Express Hot Plug Controller Driver version: 0.4
[    6.751642] ACPI: AC Adapter [AC] (off-line)
[    6.753302] input: Power Button as /devices/LNXSYSTM:00/LNXPWRBN:00/input/input0
[    6.787382] ACPI: Power Button [PWRF]
[    6.810267] inpt:SlepButon s devices/LNXSYSTM:00/LNXSLPBN:00/input/input1
[    7.007403] ACPI: Sleep Button [SLPF]

[    7.00907]HES: HT is noenbld!
[   .0100]ACI:Battery Slot [BAT0] (battery present)[   7.510482] tsc: Refined TSC clocksource calibration: 1599.419 MHz
[    7.574407] clocksource: tsc: mask: 0xffffffffffffffff max_cycles: 0x170e0021bcd, max_idle_ns: 440795252319ns

[    7.574609]Seia: 25/155 divr,32 prts, IQ hari enale
[    7.655553] 00:02: ttyS0 at I/O 0x3f8 (irq = 4, base_baud = 115200) is a 16550A
[    8.105544] Linux agpgart interface v0.103
[    8.110849] loop: module loaded
[    8.117515] scsi host0: ata_piix
[    8.118788] scsi host1: ata_piix
[    8.120003] ata1: PATA max UDMA/33 cmd 0x1f0 ctl 0x3f6 bmdma 0xd000 irq 14
[    8.122321] ata2: PATA max UDMA/33 cmd 0x170 ctl 0x376 bmdma 0xd008 irq 15
[    8.132660] libphy: Fixed MDIO Bus: probed
[    8.141836] tun: Universal TUN/TAP device driver, 1.6
[    8.143594] tun: (C) 1999-2004 Max Krasnyansky <maxk@qualcomm.com>
[    8.234571] PPP generic driver version 2.4.2
[    8.245521] ehci_hcd: USB 2.0 'Enhanced' Host Controller (EHCI) Driver
[    8.262574] ehci-pci: EHCI PCI platform driver
[    8.269944] ehci-platform: EHCI generic platform driver
[    8.306202] ohci_hcd: USB 1.1 'Open' Host Controller (OHCI) Driver
[    8.309086] ohci-pci: OHCI PCI platform driver
[    8.311315] ohci-platform: OHCI generic platform driver
[    8.319124] uhci_hcd: USB Universal Host Controller Interface driver
[    8.322099] i8042: PNP: PS/2 Controller [PNP0303:PS2K,PNP0f03:PS2M] at 0x60,0x64 irq 1,12
[    8.326317] serio: i8042 KBD port at 0x60,0x64 irq 1
[    8.331998] serio: i8042 AUX port at 0x60,0x64 irq 12
[    8.333581] mousedev: PS/2 mouse device common for all mice
[    8.335881] input: AT Translated Set 2 keyboard as /devices/platform/i8042/serio0/input/input2
[    8.338487] rtc_cmos rtc_cmos: rtc core: registered rtc_cmos as rtc0
[    8.340454] rtc_cmos rtc_cmos: alarms up to one day, 114 bytes nvram
[    8.342374] i2c /dev entries driver
[    8.343523] device-mapper: uevent: version 1.0.3
[    8.345085] device-mapper: ioctl: 4.34.0-ioctl (2015-10-28) initialised: dm-devel@redhat.com
[    8.347542] ledtrig-cpu: registered to indicate activity on CPUs
[    8.350072] NET: Registered protocol family 10
[    8.351701] NET: Registered protocol family 17
[    8.353006] Key type dns_resolver registered
[    8.359051] registered taskstats version 1
[    8.360305] Loading compiled-in X.509 certificates
[    8.362442] Loaded X.509 cert 'Build time autogenerated kernel key: 20acc96b50ca7641011eace69d32209215a9b56f'
[    8.365224] zswap: loaded using pool lzo/zbud
[    8.368811] Key type trusted registered
[    8.375051] Key type encrypted registered
[    8.376388] AppArmor: AppArmor sha1 policy hashing enabled
[    8.386512] ima: No TPM chip found, activating TPM-bypass!
[    8.388036] ima: Allocated hash algorithm: sha1
[    8.396771] evm: HMAC attrs: 0x1
[    8.398375]   Magic number: 10:889:842
[    8.399626] rtc_cmos rtc_cmos: setting system clock to 2018-11-05 16:49:10 UTC (1541436550)
[    8.403433] BIOS EDD facility v0.16 2004-Jun-25, 0 devices found
[    8.405058] EDD information not available.
[    8.407890] Freeing unused kernel memory: 1528K
[    8.421741] Write protecting the kernel read-only data: 14336k
[    8.425673] Freeing unused kernel memory: 1672K
[    8.427819] Freeing unused kernel memory: 92K
Loading, please wait...
starting version 229
[    8.464766] random: systemd-udevd: uninitialized urandom read (16 bytes read, 5 bits of entropy available)
[    8.466055] random: udevadm: uninitialized urandom read (16 bytes read, 5 bits of entropy available)
[    8.466084] random: udevadm: uninitialized urandom read (16 bytes read, 5 bits of entropy available)
[    8.475205] random: udevadm: uninitialized urandom read (16 bytes read, 5 bits of entropy available)
[    8.475274] random: udevadm: uninitialized urandom read (16 bytes read, 5 bits of entropy available)
[    8.475498] random: udevadm: uninitialized urandom read (16 bytes read, 5 bits of entropy available)
[    8.475583] random: udevadm: uninitialized urandom read (16 bytes read, 5 bits of entropy available)
[    8.475659] random: udevadm: uninitialized urandom read (16 bytes read, 5 bits of entropy available)
[    8.475748] random: udevadm: uninitialized urandom read (16 bytes read, 5 bits of entropy available)
[    8.475825] random: udevadm: uninitialized urandom read (16 bytes read, 5 bits of entropy available)
[    8.788866] e1000: Intel(R) PRO/1000 Network Driver - version 7.3.21-k8-NAPI
[    8.799705] e1000: Copyright (c) 1999-2006 Intel Corporation.
[    8.818913] Fusion MPT base driver 3.04.20
[    8.820161] Copyright (c) 1999-2008 LSI Corporation
[    8.845411] AVX2 version of gcm_enc/dec engaged.
[    8.846943] AES CTR mode by8 optimization enabled
[    8.864843] Fusion MPT SPI Host driver 3.04.20
[    9.032374] input: ImExPS/2 Generic Explorer Mouse as /devices/platform/i8042/serio1/input/input4
[    9.233655] e1000 0000:00:03.0 eth0: (PCI:33MHz:32-bit) 02:28:89:27:00:51
[    9.273775] e1000 0000:00:03.0 eth0: Intel(R) PRO/1000 Network Connection
[    9.282961] mptbase: ioc0: Initiating bringup
[    9.557716] ioc0: LSI53C1030 A0: Capabilities={Initiator}
[   10.260544] scsi host2: ioc0: LSI53C1030 A0, FwRev=00000000h, Ports=1, MaxQ=256, IRQ=20
[   10.718384] scsi 2:0:0:0: Direct-Access     VBOX     HARDDISK         1.0  PQ: 0 ANSI: 5
[   10.849167] scsi target2:0:0: Beginning Domain Validation
[   10.878826] scsi target2:0:0: Domain Validation skipping write tests
[   10.880582] scsi target2:0:0: Ending Domain Validation
[   10.882191] scsi target2:0:0: asynchronous
[   10.902276] scsi 2:0:1:0: Direct-Access     VBOX     HARDDISK         1.0  PQ: 0 ANSI: 5
[   10.904606] scsi target2:0:1: Beginning Domain Validation
[   10.908332] scsi target2:0:1: Domain Validation skipping write tests
[   10.911271] scsi target2:0:1: Ending Domain Validation
[   10.912950] scsi target2:0:1: asynchronous
[   10.930173] sd 2:0:0:0: Attached scsi generic sg0 type 0
[   10.931981] sd 2:0:0:0: [sda] 20971520 512-byte logical blocks: (10.7 GB/10.0 GiB)
[   10.934763] sd 2:0:1:0: Attached scsi generic sg1 type 0
[   10.936719] sd 2:0:1:0: [sdb] 20480 512-byte logical blocks: (10.5 MB/10.0 MiB)
[   10.938822] sd 2:0:0:0: [sda] Write Protect is off
[   10.940852] sd 2:0:0:0: [sda] Incomplete mode parameter data
[   10.953125] sd 2:0:0:0: [sda] Assuming drive cache: write through
[   10.955052] sd 2:0:1:0: [sdb] Write Protect is off
[   10.956983] sd 2:0:1:0: [sdb] Incomplete mode parameter data
[   10.958915] sd 2:0:1:0: [sdb] Assuming drive cache: write through
[   10.968050]  sda: sda1
[   10.970744] sd 2:0:0:0: [sda] Attached SCSI disk
[   10.973116] sd 2:0:1:0: [sdb] Attached SCSI disk
[   11.230859] e1000 0000:00:08.0 eth1: (PCI:33MHz:32-bit) 08:00:27:62:dc:0f
[   11.276063] e1000 0000:00:08.0 eth1: Intel(R) PRO/1000 Network Connection
[   11.326912] e1000 0000:00:03.0 enp0s3: renamed from eth0
[   11.337859] e1000 0000:00:08.0 enp0s8: renamed from eth1
Begin: Loading essential drivers[   12.862123] md: linear personality registered for level -1
 ... [   12.881000] md: multipath personality registered for level -4
[   12.889919] md: raid0 personality registered for level 0
[   12.918223] md: raid1 personality registered for level 1
[   13.037074] raid6: sse2x1   gen()  8212 MB/s
[   13.125515] raid6: sse2x1   xor()  6158 MB/s
[   13.217512] raid6: sse2x2   gen()  9778 MB/s
[   13.297199] raid6: sse2x2   xor()  6355 MB/s
[   13.404391] raid6: sse2x4   gen() 11731 MB/s
[   13.517787] raid6: sse2x4   xor()  7821 MB/s
[   13.621193] raid6: avx2x1   gen() 15217 MB/s
[   13.697409] raid6: avx2x2   gen() 18540 MB/s
[   13.777337] raid6: avx2x4   gen() 21027 MB/s
[   13.788281] raid6: using algorithm avx2x4 gen() 21027 MB/s
[   13.822004] raid6: using avx2x2 recovery algorithm
[   13.825171] xor: automatically using best checksumming function:
[   13.865196]    avx       : 20477.000 MB/sec
[   13.913316] async_tx: api initialized (async)
[   13.947584] md: raid6 personality registered for level 6
[   13.949436] md: raid5 personality registered for level 5
[   13.951198] md: raid4 personality registered for level 4
[   13.968836] md: raid10 personality registered for level 10
done.
Begin: Running /scripts/init-premount ... done.
Begin: Mounting root file system ... Begin: Running /scripts/loc[   14.027680] Btrfs loaded
al-top ... done.
Begin: Running /scripts/local-premount ... Scanning for Btrfs filesystems
done.
Warning: fsck no[   14.090816] EXT4-fs (sda1): mounted filesystem with ordered data mode. Opts: (null)
t present, so skipping root file system
done.
Begin: Running /scripts/local-bottom ... done.
Begin: Running /scripts/init-bottom ... done.
[   14.238138] systemd[1]: systemd 229 running in system mode. (+PAM +AUDIT +SELINUX +IMA +APPARMOR +SMACK +SYSVINIT +UTMP +LIBCRYPTSETUP +GCRYPT +GNUTLS +ACL +XZ -LZ4 +SECCOMP +BLKID +ELFUTILS +KMOD -IDN)
[   14.278377] systemd[1]: Detected virtualization oracle.
[   14.306906] systemd[1]: Detected architecture x86-64.

Welcome to [1mUbuntu 16.04.5 LTS[0m!

[   14.329444] systemd[1]: Set hostname to <ubuntu>.
[   14.368891] systemd[1]: Initializing machine ID from random generator.
[   14.396606] systemd[1]: Installed transient /etc/machine-id file.
[   14.554617] systemd[1]: Reached target System Time Synchronized.
[[0;32m  OK  [0m] Reached target System Time Synchronized.
[   14.577844] systemd[1]: Listening on Journal Socket.
[[0;32m  OK  [0m] Listening on Journal Socket.
[   14.662122] systemd[1]: Reached target User and Group Name Lookups.
[[0;32m  OK  [0m] Reached target User and Group Name Lookups.
[   14.719832] systemd[1]: Listening on udev Control Socket.
[[0;32m  OK  [0m] Listening on udev Control Socket.
[   14.781490] systemd[1]: Reached target Swap.
[[0;32m  OK  [0m] Reached target Swap.
[   14.784029] systemd[1]: Reached target Encrypted Volumes.
[[0;32m  OK  [0m] Reached target Encrypted Volumes.
[   14.833461] systemd[1]: Created slice User and Session Slice.
[[0;32m  OK  [0m] Created slice User and Session Slice.
[   14.878493] systemd[1]: Listening on Syslog Socket.
[[0;32m  OK  [0m] Listening on Syslog Socket.
[   14.906897] systemd[1]: Started Trigger resolvconf update for networkd DNS.
[[0;32m  OK  [0m] Started Trigger resolvconf update for networkd DNS.
[   14.970433] systemd[1]: Set up automount Arbitrary Executable File Formats File System Automount Point.
[[0;32m  OK  [0m] Set up automount Arbitrary Executab...ats File System Automount Point.
[   14.989959] systemd[1]: Listening on LVM2 metadata daemon socket.
[[0;32m  OK  [0m] Listening on LVM2 metadata daemon socket.
[   15.034330] systemd[1]: Listening on Device-mapper event daemon FIFOs.
[[0;32m  OK  [0m] Listening on Device-mapper event daemon FIFOs.
[   15.059932] systemd[1]: Listening on LVM2 poll daemon socket.
[[0;32m  OK  [0m] Listening on LVM2 poll daemon socket.
[   15.089597] systemd[1]: Listening on udev Kernel Socket.
[[0;32m  OK  [0m] Listening on udev Kernel Socket.
[   15.166401] systemd[1]: Listening on Journal Audit Socket.
[[0;32m  OK  [0m] Listening on Journal Audit Socket.
[   15.234051] systemd[1]: Listening on Journal Socket (/dev/log).
[[0;32m  OK  [0m] Listening on Journal Socket (/dev/log).
[   15.294581] systemd[1]: Created slice System Slice.
[[0;32m  OK  [0m] Created slice System Slice.
[   15.346344] systemd[1]: Mounting Debug File System...
         Mounting Debug File System...
[   15.383460] systemd[1]: Starting Nameserver information manager...
         Starting Nameserver information manager...
[   15.417926] systemd[1]: Starting Set console keymap...
         Starting Set console keymap...
[   15.446503] systemd[1]: Created slice system-serial\x2dgetty.slice.
[[0;32m  OK  [0m] Created slice system-serial\x2dgetty.slice.
[   15.489830] systemd[1]: Starting Monitoring of LVM2 mirrors, snapshots etc. using dmeventd or progress polling...
[   15.492034] random: nonblocking pool is initialized
         Starting Monitoring of LVM2 mirrors... dmeventd or progress polling...
[   15.535234] systemd[1]: Starting Journal Service...
         Starting Journal Service...
[   15.589450] systemd[1]: Starting Create list of required static device nodes for the current kernel...
         Starting Create list of required st... nodes for the current kernel...
[   15.654086] systemd[1]: Starting Load Kernel Modules...
         Startin[   15.663828] Loading iSCSI transport class v2.0-870.
g Load Kernel Modules...
[   15.672859] systemd[1]: Mounting Huge Pages File System...
         Mounting Huge Pages Fil[   15.679979] iscsi: registered transport (tcp)
e System...
[   15.722048] systemd[1]: Reached target Slices.
[[0;32m  OK  [[   15.729376] iscsi: registered transport (iser)
0m] Reached target Slices.
[   15.782053] systemd[1]: Starting Remount Root and Kernel File Systems...
         Starting Remount Root and Kernel File Systems...
[   15.813897] EXT4-fs (sda1): re-mounted. Opts: (null)
[   16.698583] systemd[1]: Mounting POSIX Message Queue File System...
         Mounting POSIX Message Queue File System...
[   16.741711] systemd[1]: Starting Uncomplicated firewall...
         Starting Uncomplicated firewall...
[   16.769435] systemd[1]: Listening on /dev/initctl Compatibility Named Pipe.
[[0;32m  OK  [0m] Listening on /dev/initctl Compatibility Named Pipe.
[   16.838254] systemd[1]: Started Forward Password Requests to Wall Directory Watch.
[[0;32m  OK  [0m] Started Forward Password Requests to Wall Directory Watch.
[   16.938751] systemd[1]: Mounted Debug File System.
[[0;32m  OK  [0m] Mounted Debug File System.
[   16.980478] systemd[1]: Mounted POSIX Message Queue File System.
[[0;32m  OK  [0m] Mounted POSIX Message Queue File System.
[   17.016269] systemd[1]: Mounted Huge Pages File System.
[[0;32m  OK  [0m] Mounted Huge Pages File System.
[   17.053904] systemd[1]: Started Journal Service.
[[0;32m  OK  [0m] Started Journal Service.
[[0;32m  OK  [0m] Started Set console keymap.
[[0;32m  OK  [0m] Started Create list of required sta...ce nodes for the current kernel.
[[0;32m  OK  [0m] Started Load Kernel Modules.
[[0;32m  OK  [0m] Started Remount Root and Kernel File Systems.
[[0;32m  OK  [0m] Started Uncomplicated firewall.
[[0;32m  OK  [0m] Started Nameserver information manager.
[[0;32m  OK  [0m] Started LVM2 metadata daemon.
         Starting udev Coldplug all Devices...
         Starting Load/Save Random Seed...
         Mounting FUSE Control File System...
         Starting Apply Kernel Variables...
         Starting Create Static Device Nodes in /dev...
         Starting Flush Journal to Persistent Storage...
[[0;32m  OK  [0m] Mounted FUSE Control File System.
[[0;32m  OK  [0m] Started Load/Save Random Seed.
[[0;32m  OK  [0m] Started Apply Kernel Variables.
[[0;32m  OK  [0m] Started Create Static Device Nodes in /dev.
[[0;32m  OK  [0m] Started udev Coldplug all Devices.
[[0;32m  OK  [0m] Started Monitoring of LVM2 mirrors,...ng dmeventd or progress polling.
[[0;32m  OK  [0m] Started Flush Journal to Persistent Storage.
         Starting udev Kernel Device Manager...
[[0;32m  OK  [0m] Started udev Kernel Device Manager.
[[0;32m  OK  [0m] Reached target Local File Systems (Pre).
[[0;32m  OK  [0m] Reached target Local File Systems.
         Starting Tell Plymouth To Write Out Runtime Data...
         Starting LSB: AppArmor initialization...
         Starting Create Volatile Files and Directories...
         Starting Initial cloud-init job (pre-networking)...
         Starting Commit a transient machine-id on disk...
         Starting Set console font and keymap...
[[0;32m  OK  [0m] Started Dispatch Password Requests to Console Directory Watch.
[[0;32m  OK  [0m] Started Tell Plymouth To Write Out Runtime Data.
[[0;32m  OK  [0m] Started Create Volatile Files and Directories.
[[0;32m  OK  [0m] Started Commit a transient machine-id on disk.
         Starting Update UTMP about System Boot/Shutdown...
[[0;32m  OK  [0m] Found device /dev/ttyS0.
[[0;32m  OK  [0m] Started Update UTMP about System Boot/Shutdown.
[[0;32m  OK  [0m] Listening on Load/Save RF Kill Switch Status /dev/rfkill Watch.
[[0;32m  OK  [0m] Started Set console font and keymap.
[[0;32m  OK  [0m] Created slice system-getty.slice.
[   15.232042] cloud-init[485]: Cloud-init v. 18.3-9-g2e62cb8a-0ubuntu1~16.04.2 running 'init-local' at Mon, 05 Nov 2018 16:49:21 +0000. Up 14.79 seconds.
[[0;32m  OK  [0m] Started Initial cloud-init job (pre-networking).
[[0;32m  OK  [0m] Reached target Network (Pre).
[[0;32m  OK  [0m] Started LSB: AppArmor initialization.
         Starting Raise network interfaces...
[[0;32m  OK  [0m] Started Raise network interfaces.
         Starting Initial cloud-init job (metadata service crawler)...
[[0;32m  OK  [0m] Reached target Network.
[   16.802925] cloud-init[921]: Cloud-init v. 18.3-9-g2e62cb8a-0ubuntu1~16.04.2 running 'init' at Mon, 05 Nov 2018 16:49:22 +0000. Up 16.06 seconds.
[   16.849841] cloud-init[921]: ci-info: +++++++++++++++++++++++++++++++++++++Net device info++++++++++++++++++++++++++++++++++++++
[   16.872263] cloud-init[921]: ci-info: +--------+-------+--------------------------+---------------+--------+-------------------+
[   16.872887] cloud-init[921]: ci-info: | Device |   Up  |         Address          |      Mask     | Scope  |     Hw-Address    |
[   16.873286] cloud-init[921]: ci-info: +--------+-------+--------------------------+---------------+--------+-------------------+
[   16.873550] cloud-init[921]: ci-info: | enp0s3 |  True |        10.0.2.15         | 255.255.255.0 | global | 02:28:89:27:00:51 |
[   16.873854] cloud-init[921]: ci-info: | enp0s3 |  True | fe80::28:89ff:fe27:51/64 |       .       |  link  | 02:28:89:27:00:51 |
[   16.874151] cloud-init[921]: ci-info: | enp0s8 | False |            .             |       .       |   .    | 08:00:27:62:dc:0f |
[[0;32m  OK  [0m] Started Initial cloud-init job (metadata service crawler).
[   16.874471] cloud-init[921]: ci-info: |   lo   |  True |        127.0.0.1         |   255.0.0.0   |  host  |         .         |
[   17.349369] cloud-init[921]: ci-info: |   lo   |  True |         ::1/128          |       .       |  host  |         .         |
[   17.350382] cloud-init[921]: ci-info: +--------+-------+--------------------------+---------------+--------+-------------------+
[[0;32m  OK  [0m] Reached target Cloud-config availability.
[[   17.350930] cloud-init[921]: ci-info: +++++++++++++++++++++++++++Route IPv4 info++++++++++++++++++++++++++++
[   17.477285] cloud-init[921]: ci-info: +-------+-------------+----------+---------------+-----------+-------+
[   17.477544] [0;32m  OK  [0mcloud-init] [921]: Reached target System Initialization.ci-info: | Route | Destination | Gateway  |    Genmask    | Interface | Flags |

[   17.604945] cloud-init[921]: ci-info: +-------+-------------+----------+---------------+-----------+-------+
[   17.605478] cloud-init[921]: ci-info: |   0   |   0.0.0.0   | 10.0.2.2 |    0.0.0.0    |   enp0s3  |   UG  |
[   17.606325] cloud-init[921]: ci-info: |   1   |   10.0.2.0  | 0.0.0.0  | 255.255.255.0 |   enp0s3  |   U   |
[   17.607050] cloud-init[921]: ci-info: +-------+-------------+----------+---------------+-----------+-------+
[   17.608379] cloud-init[921]: ci-info: +++++++++++++++++++Route IPv6 info+++++++++++++++++++
[   17.608956] cloud-init[921]: ci-info: +-------+-------------+---------+-----------+-------+
[   17.609490] cloud-init[921]: ci-info: | Route | Destination | Gateway | Interface | Flags |
[   17.609959] cloud-init[921]: ci-info: +-------+-------------+---------+-----------+-------+
[   17.610221] [cloud-init[0;32m  OK  [0m[921]: ] ci-info: |   0   |  fe80::/64  |    ::   |   enp0s3  |   U   |Listening on D-Bus System Message Bus Socket.

[   17.611222] cloud-init[921]: ci-info: |   3   |   ff00::/8  |    ::   |   enp0s3  |   U   |
[   17.870571] cloud-init[921]: ci-info: +-------+-------------+---------+-----------+-------+
[   17.870876] cloud-init[921]: Generating public/private rsa key pair.
[   17.871148] cloud-init[921]: Your identification has been saved in /etc/ssh/ssh_host_rsa_key.
[   17.871432] cloud-init[921]: Your public key has been saved in /etc/ssh/ssh_host_rsa_key.pub.
[   17.871705] cloud-init[921]: The key fingerprint is:
[   17.871965] cloud-init[921]: SHA256:XDPgeloYG4EYJo0poH+C43jgsivZwD3C45Jbi1iuzvQ root@ubuntu-xenial
[   17.872446] cloud-init[921]: The key's randomart image is:
[   17.872709] cloud-init[921]: +---[RSA 2048]----+
[   17.872947] cloud-init[921]: |++oo .. .        |
[   17.873175] cloud-init[921]: |=oo .  o .       |
[   17.873414] cloud-init[921]: |o     o . +      |
[   17.873657] cloud-init[921]: | o     B . o     |
[   17.873898] cloud-init[921]: |* + . + S        |
[   17.874140] cloud-init[921]: |=B =   +         |
[   17.874386] cloud-init[921]: |+O* . .          |
[   17.874623] cloud-init[921]: |XOo.             |
[   17.874866] cloud-init[921]: |@*oE             |
[   17.875109] cloud-init[921]: +----[SHA256]-----+
[   17.875343] cloud-init[921]: Generating public/private dsa key pair.
[   17.875587] cloud-init[921]: Your identification has been saved in /etc/ssh/ssh_host_dsa_key.
[   17.875829] cloud-init[921]: Your public key has been saved in /etc/ssh/ssh_host_dsa_key.pub.
[   17.876311] cloud-init[921]: The key fingerprint is:
[   17.876546] cloud-init[921]: SHA256:ohZ9q4bJCJ/wlgF633DZZBCm0NZa4e32KNgD39ZDCi8 root@ubuntu-xenial
[   17.876789] cloud-init[921]: The key's randomart image is:
[   17.877034] cloud-init[921]: +---[DSA 1024]----+
[[0;32m  OK  [0m] Started Daily apt download activities.
[   17.877271] cloud-init[921]: |  .. .+o         |
[   18.629075] cloud-init[921]: |   .o++.         |
[   18.629766] cloud-init[921]: |   ..o...        |
[   18.630739] cloud-init[921]: |.   .. .o        |
[[0;32m  OK  [0m] Started ACPI Events Check.
[[   18.632736] cloud-init[921]: |..  o +=S .      |
[   18.677906] cloud-init[921]: |+ o .BoB.B       |
[   18.679854] cloud-init[921]: | * B+*E B +      |
[   18.680724] cloud-init[921]: |  B.= o*   .     |
[   18.682432] cloud-init[921]: | .   ..          |
[   18.682946] cloud-init[921]: +----[SHA256]-----+
[   18.683489] cloud-init[921]: Generating public/private ecdsa key pair.
[0;32m  OK  [0m] Reached target Paths.
[[   18.683918] cloud-init[921]: Your identification has been saved in /etc/ssh/ssh_host_ecdsa_key.
[   18.838352] cloud-init[921]: Your public key has been saved in /etc/ssh/ssh_host_ecdsa_key.pub.
[   18.838762] cloud-init[921]: The key fingerprint is:
[   18.840868] cloud-init[921]: SHA256:+qHJf5zENKVODbRU7xI8X2Xi9A9Dk0i0e5uDqFMunoU root@ubuntu-xenial
[0;32m  OK  [0m] Started Daily apt upgrade and clean activities.
         Starting LXD - unix socket.
[   18.841835] cloud-init[921]: The key's randomart image is:
[   18.965718] cloud-init[921]: +---[ECDSA 256]---+
[   18.967209] cloud-init[921]: |         .o++.=.o|
[   18.968570] cloud-init[921]: |         ..oo*.=.|
[   18.968664] cloud-init[921]: |          .== = o|
[   18.968742] cloud-init[921]: |          = .* +.|
[   18.968809] cloud-init[921]: |        S= .o + .|
[   18.968871] cloud-init[921]: |       . .=. + o |
[   18.968935] cloud-init[921]: |      . E=o.. +  |
[   18.968999] cloud-init[921]: |     . +o==    . |
[   18.969066] cloud-init[921]: |      +o*+       |
[   18.969131] cloud-init[921]: +----[SHA256]-----+
[   18.969194] cloud-init[921]: Generating public/private ed25519 key pair.
[   18.969257] cloud-init[921]: Your identification has been saved in /etc/ssh/ssh_host_ed25519_key.
[   18.969322] cloud-init[921]: Your public key has been saved in /etc/ssh/ssh_host_ed25519_key.pub.
[   18.969387] cloud-init[921]: The key fingerprint is:
[   18.969564] cloud-init[921]: SHA256:rPi17F203yUaoufxGZffOSaxl4t+UNK3Uz+e9vu8geo root@ubuntu-xenial
[   18.969622] cloud-init[921]: The key's randomart image is:
[   18.969663] cloud-init[921]: +--[ED25519 256]--+
[   18.969704] cloud-init[921]: |                 |
[   18.969744] cloud-init[921]: |                 |
[   18.970043] cloud-init[921]: |              .  |
[   18.970095] cloud-init[921]: |       .     . oo|
[   18.970136] cloud-init[921]: |        S   . o =|
[   18.970177] cloud-init[921]: |     . .   . +.=.|
[   18.970217] cloud-init[921]: |    . . . o =.O.*|
[   18.970257] cloud-init[921]: |     . o +.=.X.#=|
[   18.970303] cloud-init[921]: |      ..=o+E=oB=#|
[   18.970343] cloud-init[921]: +----[SHA256]-----+
[[0;32m  OK  [0m] Started Daily Cleanup of Temporary Directories.
[[0;32m  OK  [0m] Listening on UUID daemon activation socket.
         Starting Socket activation for snappy daemon.
[[0;32m  OK  [0m] Listening on ACPID Listen Socket.
[[0;32m  OK  [0m] Reached target Timers.
[[0;32m  OK  [0m] Reached target Network is Online.
         Starting iSCSI initiator daemon (iscsid)...
[[0;32m  OK  [0m] Listening on LXD - unix socket.
[[0;32m  OK  [0m] Listening on Socket activation for snappy daemon.
[[0;32m  OK  [0m] Started iSCSI initiator daemon (iscsid).
         Starting Login to default iSCSI targets...
[[0;32m  OK  [0m] Reached target Sockets.
[[0;32m  OK  [0m] Reached target Basic System.
         Starting Accounts Service...
         Starting Login Service...
[[0;32m  OK  [0m] Started FUSE filesystem for LXC.
         Starting Pollinate to seed the pseudo random number generator...
         Starting LXD - container startup/shutdown...
[[0;32m  OK  [0m] Started Unattended Upgrades Shutdown.
         Starting Snappy daemon...
         Starting /etc/rc.local Compatibility...
         Starting Virtualbox guest utils...
[[0;32m  OK  [0m] Started ACPI event daemon.
         Starting LSB: Record successful boot for GRUB...
         Starting LSB: MD monitoring daemon...
[[0;32m  OK  [0m] Started D-Bus System Message Bus.
[[0;32m  OK  [0m] Started Regular background program processing daemon.
         Starting System Logging Service...
[[0;32m  OK  [0m] Started Deferred execution scheduler.
[[0;32m  OK  [0m] Started LXD - container startup/shutdown.
[[0;32m  OK  [0m] Started /etc/rc.local Compatibility.
[[0;32m  OK  [0m] Started System Logging Service.
[[0;32m  OK  [0m] Started Snappy daemon.
[[0;32m  OK  [0m] Started Login to default iSCSI targets.
[[0;32m  OK  [0m] Started LSB: Record successful boot for GRUB.
[[0;32m  OK  [0m] Started Pollinate to seed the pseudo random number generator.
[[0;32m  OK  [0m] Started Virtualbox guest utils.
[[0;32m  OK  [0m] Started LSB: MD monitoring daemon.
[[0;32m  OK  [0m] Started Login Service.
         Starting Authenticate and Authorize Users to Run Privileged Tasks...
         Starting OpenBSD Secure Shell server...
[[0;32m  OK  [0m] Reached target Remote File Systems (Pre).
[[0;32m  OK  [0m] Reached target Remote File Systems.
         Starting LSB: automatic crash report generation...
         Starting Permit User Sessions...
         Starting LSB: Set the CPU Frequency Scaling governor to "ondemand"...
         Starting LSB: daemon to balance interrupts for SMP systems...
         Starting Wait until snapd is fully seeded...
[[0;32m  OK  [0m] Started OpenBSD Secure Shell server.
[[0;32m  OK  [0m] Started Permit User Sessions.
[[0;32m  OK  [0m] Started Authenticate and Authorize Users to Run Privileged Tasks.
[[0;32m  OK  [0m] Started Accounts Service.
         Starting Terminate Plymouth Boot Screen...
         Starting Hold until boot process finishes up...
[[0;32m  OK  [0m] Started LSB: automatic crash report generation.
[[0;32m  OK  [0m] Started LSB: Set the CPU Frequency Scaling governor to "ondemand".
[[0;32m  OK  [0m] Started LSB: daemon to balance interrupts for SMP systems.
[[0;32m  OK  [0m] Started Terminate Plymouth Boot Screen.
[[0;32m  OK  [0m] Started Hold until boot process finishes up.
[[0;32m  OK  [0m] Started Getty on tty1.
[[0;32m  OK  [0m] Started Serial Getty on ttyS0.
[[0;32m  OK  [0m] Reached target Login Prompts.
         Starting Set console scheme...
[[0;32m  OK  [0m] Started Wait until snapd is fully seeded.
[[0;32m  OK  [0m] Started Set console scheme.
[[0;32m  OK  [0m] Reached target Multi-User System.
[[0;32m  OK  [0m] Reached target Graphical Interface.
         Starting Update UTMP about System Runlevel Changes...
         Starting Apply the settings specified in cloud-config...
[[0;32m  OK  [0m] Started Update UTMP about System Runlevel Changes.
[   22.288967] cloud-init[1234]: Generating locales (this might take a while)...
[   23.161501] cloud-init[1234]:   en_US.UTF-8... done
[   23.163271] cloud-init[1234]: Generation complete.
[   23.596250] cloud-init[1234]: Cloud-init v. 18.3-9-g2e62cb8a-0ubuntu1~16.04.2 running 'modules:config' at Mon, 05 Nov 2018 16:49:28 +0000. Up 22.14 seconds.
[[0;32m  OK  [0m] Started Apply the settings specified in cloud-config.
         Starting Execute cloud user/final scripts...
[[0;32m  OK  [0m] Created slice User Slice of vagrant.
         Starting User Manager for UID 1000...
[[0;32m  OK  [0m] Started Session 1 of user vagrant.
[[0;32m  OK  [0m] Started User Manager for UID 1000.
ci-info: no authorized ssh keys fingerprints found for user ubuntu.
<14>Nov  5 16:49:30 ec2: 
<14>Nov  5 16:49:30 ec2: #############################################################
<14>Nov  5 16:49:30 ec2: -----BEGIN SSH HOST KEY FINGERPRINTS-----
<14>Nov  5 16:49:30 ec2: 1024 SHA256:ohZ9q4bJCJ/wlgF633DZZBCm0NZa4e32KNgD39ZDCi8 root@ubuntu-xenial (DSA)
<14>Nov  5 16:49:30 ec2: 256 SHA256:+qHJf5zENKVODbRU7xI8X2Xi9A9Dk0i0e5uDqFMunoU root@ubuntu-xenial (ECDSA)
<14>Nov  5 16:49:30 ec2: 256 SHA256:rPi17F203yUaoufxGZffOSaxl4t+UNK3Uz+e9vu8geo root@ubuntu-xenial (ED25519)
<14>Nov  5 16:49:30 ec2: 2048 SHA256:XDPgeloYG4EYJo0poH+C43jgsivZwD3C45Jbi1iuzvQ root@ubuntu-xenial (RSA)
<14>Nov  5 16:49:30 ec2: -----END SSH HOST KEY FINGERPRINTS-----
<14>Nov  5 16:49:30 ec2: #############################################################
-----BEGIN SSH HOST KEY KEYS-----
ecdsa-sha2-nistp256 AAAAE2VjZHNhLXNoYTItbmlzdHAyNTYAAAAIbmlzdHAyNTYAAABBBArRCF57Sj7yDu6vtazE/t+4i0k+BsaytVvbqYNMHOW+leHYzAZy37TWm0IUsgXVgS8z2qwWsX/MMAyavSCykX4= root@ubuntu-xenial
ssh-ed25519 AAAAC3NzaC1lZDI1NTE5AAAAIJC14KeYsA4cL8Dim7O2cR7K6nswIRCJFUfHN63i0Rzy root@ubuntu-xenial
ssh-rsa AAAAB3NzaC1yc2EAAAADAQABAAABAQDuGIEPVZP3oms998EOMC0yLXIZuPo5GJwSQlGWtG1CaRDD8SXmInvVe+EbX6esmnEg87cjO42hMvp3gezacNOmwD6tAqU+rVejcjhLuugXDX5xBpwXaIIs3SB6g9qI9NF68bF0tBujdZL0LYQf0n2xMoxcMzI9Xv5C9MGYmv29AOWOYCDQht8iRB/3aV/y0tFQfpbA7DqYUYEN/PSv6MUrJCN4gTJJg9n2c5EJHB7n6bceO2sqpBopEZBCR+/e86GQPgN0ZMZIN8mSVnYNuOT/QlFR8WvHUMX3Bz0X5UFTzKHr8jds2LklzfxqurlNJZqs6MuxVH0zlcQu8/rUZVNb root@ubuntu-xenial
-----END SSH HOST KEY KEYS-----
[   24.655355] cloud-init[1274]: Cloud-init v. 18.3-9-g2e62cb8a-0ubuntu1~16.04.2 running 'modules:final' at Mon, 05 Nov 2018 16:49:30 +0000. Up 24.07 seconds.
[   24.681699] cloud-init[1274]: ci-info: no authorized ssh keys fingerprints found for user ubuntu.
[   24.691119] cloud-init[1274]: Cloud-init v. 18.3-9-g2e62cb8a-0ubuntu1~16.04.2 finished at Mon, 05 Nov 2018 16:49:30 +0000. Datasource DataSourceNoCloud [seed=/dev/sdb][dsmode=net].  Up 24.63 seconds
[[0;32m  OK  [0m] Started Execute cloud user/final scripts.
[[0;32m  OK  [0m] Reached target Cloud-init target.

Ubuntu 16.04.5 LTS ubuntu-xenial ttyS0

ubuntu-xenial login: 